AudioRecorderMod/app/build/intermediates/manifest_merge_blame_file/debug/manifest-merger-blame-debug-report.txt
1<?xml version="1.0" encoding="utf-8"?>
2<manifest xmlns:android="http://schemas.android.com/apk/res/android"
3    package="com.audiorecorder.mod"
4    android:versionCode="241"
5    android:versionName="2.4.1" >
6
7    <uses-sdk
8        android:minSdkVersion="26"
9        android:targetSdkVersion="34" />
10
11    <!-- 基础权限 -->
12    <uses-permission android:name="android.permission.RECORD_AUDIO" />
12-->src\main\AndroidManifest.xml:6:5-71
12-->src\main\AndroidManifest.xml:6:22-68
13    <uses-permission android:name="android.permission.WRITE_EXTERNAL_STORAGE" />
13-->src\main\AndroidManifest.xml:7:5-81
13-->src\main\AndroidManifest.xml:7:22-78
14    <uses-permission android:name="android.permission.READ_EXTERNAL_STORAGE" />
14-->src\main\AndroidManifest.xml:8:5-80
14-->src\main\AndroidManifest.xml:8:22-77
15
16    <!-- 系统级权限 -->
17    <uses-permission android:name="android.permission.MODIFY_AUDIO_SETTINGS" />
17-->src\main\AndroidManifest.xml:11:5-80
17-->src\main\AndroidManifest.xml:11:22-77
18    <uses-permission android:name="android.permission.CAPTURE_AUDIO_OUTPUT" />
18-->src\main\AndroidManifest.xml:12:5-79
18-->src\main\AndroidManifest.xml:12:22-76
19    <uses-permission android:name="android.permission.SYSTEM_ALERT_WINDOW" />
19-->src\main\AndroidManifest.xml:13:5-78
19-->src\main\AndroidManifest.xml:13:22-75
20    <uses-permission android:name="android.permission.WRITE_SECURE_SETTINGS" />
20-->src\main\AndroidManifest.xml:14:5-15:47
20-->src\main\AndroidManifest.xml:14:22-77
21
22    <!-- 网络权限 -->
23    <uses-permission android:name="android.permission.INTERNET" />
23-->src\main\AndroidManifest.xml:18:5-67
23-->src\main\AndroidManifest.xml:18:22-64
24    <uses-permission android:name="android.permission.ACCESS_NETWORK_STATE" />
24-->src\main\AndroidManifest.xml:19:5-79
24-->src\main\AndroidManifest.xml:19:22-76
25
26    <!-- 系统权限 -->
27    <uses-permission android:name="android.permission.WAKE_LOCK" />
27-->src\main\AndroidManifest.xml:22:5-68
27-->src\main\AndroidManifest.xml:22:22-65
28    <uses-permission android:name="android.permission.FOREGROUND_SERVICE" />
28-->src\main\AndroidManifest.xml:23:5-77
28-->src\main\AndroidManifest.xml:23:22-74
29
30    <!-- 硬件权限 -->
31    <uses-permission android:name="android.permission.CAMERA" />
31-->src\main\AndroidManifest.xml:26:5-65
31-->src\main\AndroidManifest.xml:26:22-62
32    <uses-permission android:name="android.permission.VIBRATE" />
32-->src\main\AndroidManifest.xml:27:5-66
32-->src\main\AndroidManifest.xml:27:22-63
33
34    <permission
34-->[androidx.core:core:1.12.0] AndroidManifest.xml:22:5-24:47
35        android:name="com.audiorecorder.mod.DYNAMIC_RECEIVER_NOT_EXPORTED_PERMISSION"
35-->[androidx.core:core:1.12.0] AndroidManifest.xml:23:9-81
36        android:protectionLevel="signature" />
36-->[androidx.core:core:1.12.0] AndroidManifest.xml:24:9-44
37
38    <uses-permission android:name="com.audiorecorder.mod.DYNAMIC_RECEIVER_NOT_EXPORTED_PERMISSION" />
38-->[androidx.core:core:1.12.0] AndroidManifest.xml:26:5-97
38-->[androidx.core:core:1.12.0] AndroidManifest.xml:26:22-94
39
40    <application
40-->src\main\AndroidManifest.xml:29:5-76:19
41        android:allowBackup="true"
41-->src\main\AndroidManifest.xml:30:9-35
42        android:appComponentFactory="androidx.core.app.CoreComponentFactory"
42-->[androidx.core:core:1.12.0] AndroidManifest.xml:28:18-86
43        android:dataExtractionRules="@xml/data_extraction_rules"
43-->src\main\AndroidManifest.xml:31:9-65
44        android:debuggable="true"
45        android:extractNativeLibs="false"
46        android:fullBackupContent="@xml/backup_rules"
46-->src\main\AndroidManifest.xml:32:9-54
47        android:icon="@mipmap/ic_launcher"
47-->src\main\AndroidManifest.xml:33:9-43
48        android:label="@string/app_name"
48-->src\main\AndroidManifest.xml:34:9-41
49        android:roundIcon="@mipmap/ic_launcher_round"
49-->src\main\AndroidManifest.xml:35:9-54
50        android:supportsRtl="true"
50-->src\main\AndroidManifest.xml:36:9-35
51        android:testOnly="true"
52        android:theme="@style/Theme.AudioRecorderMod" >
52-->src\main\AndroidManifest.xml:37:9-54
53        <activity
53-->src\main\AndroidManifest.xml:40:9-48:20
54            android:name="com.audiorecorder.mod.MainActivity"
54-->src\main\AndroidManifest.xml:41:13-41
55            android:exported="true"
55-->src\main\AndroidManifest.xml:42:13-36
56            android:theme="@style/Theme.AudioRecorderMod" >
56-->src\main\AndroidManifest.xml:43:13-58
57            <intent-filter>
57-->src\main\AndroidManifest.xml:44:13-47:29
58                <action android:name="android.intent.action.MAIN" />
58-->src\main\AndroidManifest.xml:45:17-69
58-->src\main\AndroidManifest.xml:45:25-66
59
60                <category android:name="android.intent.category.LAUNCHER" />
60-->src\main\AndroidManifest.xml:46:17-77
60-->src\main\AndroidManifest.xml:46:27-74
61            </intent-filter>
62        </activity>
63
64        <!-- LSPosed模块入口 -->
65        <meta-data
65-->src\main\AndroidManifest.xml:51:9-53:36
66            android:name="xposedmodule"
66-->src\main\AndroidManifest.xml:52:13-40
67            android:value="true" />
67-->src\main\AndroidManifest.xml:53:13-33
68        <meta-data
68-->src\main\AndroidManifest.xml:54:9-56:61
69            android:name="xposeddescription"
69-->src\main\AndroidManifest.xml:55:13-45
70            android:value="AudioRecorder Mod - 音频流Hook模块" />
70-->src\main\AndroidManifest.xml:56:13-58
71        <meta-data
71-->src\main\AndroidManifest.xml:57:9-59:34
72            android:name="xposedminversion"
72-->src\main\AndroidManifest.xml:58:13-44
73            android:value="82" />
73-->src\main\AndroidManifest.xml:59:13-31
74        <meta-data
74-->src\main\AndroidManifest.xml:60:9-62:54
75            android:name="xposedscope"
75-->src\main\AndroidManifest.xml:61:13-39
76            android:resource="@array/xposed_scope" />
76-->src\main\AndroidManifest.xml:62:13-51
77
78        <!-- 服务 -->
79        <service
79-->src\main\AndroidManifest.xml:65:9-69:63
80            android:name="com.audiorecorder.mod.service.AudioHookService"
80-->src\main\AndroidManifest.xml:66:13-53
81            android:enabled="true"
81-->src\main\AndroidManifest.xml:67:13-35
82            android:exported="false"
82-->src\main\AndroidManifest.xml:68:13-37
83            android:foregroundServiceType="mediaProjection" />
83-->src\main\AndroidManifest.xml:69:13-60
84        <service
84-->src\main\AndroidManifest.xml:71:9-74:40
85            android:name="com.audiorecorder.mod.service.AudioProcessService"
85-->src\main\AndroidManifest.xml:72:13-56
86            android:enabled="true"
86-->src\main\AndroidManifest.xml:73:13-35
87            android:exported="false" />
87-->src\main\AndroidManifest.xml:74:13-37
88
89        <provider
89-->[androidx.emoji2:emoji2:1.2.0] AndroidManifest.xml:24:9-32:20
90            android:name="androidx.startup.InitializationProvider"
90-->[androidx.emoji2:emoji2:1.2.0] AndroidManifest.xml:25:13-67
91            android:authorities="com.audiorecorder.mod.androidx-startup"
91-->[androidx.emoji2:emoji2:1.2.0] AndroidManifest.xml:26:13-68
92            android:exported="false" >
92-->[androidx.emoji2:emoji2:1.2.0] AndroidManifest.xml:27:13-37
93            <meta-data
93-->[androidx.emoji2:emoji2:1.2.0] AndroidManifest.xml:29:13-31:52
94                android:name="androidx.emoji2.text.EmojiCompatInitializer"
94-->[androidx.emoji2:emoji2:1.2.0] AndroidManifest.xml:30:17-75
95                android:value="androidx.startup" />
95-->[androidx.emoji2:emoji2:1.2.0] AndroidManifest.xml:31:17-49
96            <meta-data
96-->[androidx.lifecycle:lifecycle-process:2.6.1] AndroidManifest.xml:29:13-31:52
97                android:name="androidx.lifecycle.ProcessLifecycleInitializer"
97-->[androidx.lifecycle:lifecycle-process:2.6.1] AndroidManifest.xml:30:17-78
98                android:value="androidx.startup" />
98-->[androidx.lifecycle:lifecycle-process:2.6.1] AndroidManifest.xml:31:17-49
99            <meta-data
99-->[androidx.profileinstaller:profileinstaller:1.3.0] AndroidManifest.xml:29:13-31:52
100                android:name="androidx.profileinstaller.ProfileInstallerInitializer"
100-->[androidx.profileinstaller:profileinstaller:1.3.0] AndroidManifest.xml:30:17-85
101                android:value="androidx.startup" />
101-->[androidx.profileinstaller:profileinstaller:1.3.0] AndroidManifest.xml:31:17-49
102        </provider>
103
104        <receiver
104-->[androidx.profileinstaller:profileinstaller:1.3.0] AndroidManifest.xml:34:9-52:20
105            android:name="androidx.profileinstaller.ProfileInstallReceiver"
105-->[androidx.profileinstaller:profileinstaller:1.3.0] AndroidManifest.xml:35:13-76
106            android:directBootAware="false"
106-->[androidx.profileinstaller:profileinstaller:1.3.0] AndroidManifest.xml:36:13-44
107            android:enabled="true"
107-->[androidx.profileinstaller:profileinstaller:1.3.0] AndroidManifest.xml:37:13-35
108            android:exported="true"
108-->[androidx.profileinstaller:profileinstaller:1.3.0] AndroidManifest.xml:38:13-36
109            android:permission="android.permission.DUMP" >
109-->[androidx.profileinstaller:profileinstaller:1.3.0] AndroidManifest.xml:39:13-57
110            <intent-filter>
110-->[androidx.profileinstaller:profileinstaller:1.3.0] AndroidManifest.xml:40:13-42:29
111                <action android:name="androidx.profileinstaller.action.INSTALL_PROFILE" />
111-->[androidx.profileinstaller:profileinstaller:1.3.0] AndroidManifest.xml:41:17-91
111-->[androidx.profileinstaller:profileinstaller:1.3.0] AndroidManifest.xml:41:25-88
112            </intent-filter>
113            <intent-filter>
113-->[androidx.profileinstaller:profileinstaller:1.3.0] AndroidManifest.xml:43:13-45:29
114                <action android:name="androidx.profileinstaller.action.SKIP_FILE" />
114-->[androidx.profileinstaller:profileinstaller:1.3.0] AndroidManifest.xml:44:17-85
114-->[androidx.profileinstaller:profileinstaller:1.3.0] AndroidManifest.xml:44:25-82
115            </intent-filter>
116            <intent-filter>
116-->[androidx.profileinstaller:profileinstaller:1.3.0] AndroidManifest.xml:46:13-48:29
117                <action android:name="androidx.profileinstaller.action.SAVE_PROFILE" />
117-->[androidx.profileinstaller:profileinstaller:1.3.0] AndroidManifest.xml:47:17-88
117-->[androidx.profileinstaller:profileinstaller:1.3.0] AndroidManifest.xml:47:25-85
118            </intent-filter>
119            <intent-filter>
119-->[androidx.profileinstaller:profileinstaller:1.3.0] AndroidManifest.xml:49:13-51:29
120                <action android:name="androidx.profileinstaller.action.BENCHMARK_OPERATION" />
120-->[androidx.profileinstaller:profileinstaller:1.3.0] AndroidManifest.xml:50:17-95
120-->[androidx.profileinstaller:profileinstaller:1.3.0] AndroidManifest.xml:50:25-92
121            </intent-filter>
122        </receiver>
123    </application>
124
125</manifest>